{"/home/queppat/Projects/Java_projects/Intern/TaskManager/frontend/src/utils/helpers.js": {"path":"/home/queppat/Projects/Java_projects/Intern/TaskManager/frontend/src/utils/helpers.js","statementMap":{"0":{"start":{"line":2,"column":2},"end":{"line":2,"column":null}},"1":{"start":{"line":2,"column":14},"end":{"line":2,"column":null}},"2":{"start":{"line":3,"column":2},"end":{"line":3,"column":null}},"3":{"start":{"line":7,"column":2},"end":{"line":7,"column":null}}},"fnMap":{"0":{"name":"formatTaskTitle","decl":{"start":{"line":1,"column":16},"end":{"line":1,"column":31}},"loc":{"start":{"line":1,"column":39},"end":{"line":4,"column":null}},"line":1},"1":{"name":"isTaskCompleted","decl":{"start":{"line":6,"column":16},"end":{"line":6,"column":31}},"loc":{"start":{"line":6,"column":38},"end":{"line":8,"column":null}},"line":6}},"branchMap":{"0":{"loc":{"start":{"line":2,"column":2},"end":{"line":2,"column":null}},"type":"if","locations":[{"start":{"line":2,"column":2},"end":{"line":2,"column":null}},{"start":{},"end":{}}],"line":2}},"s":{"0":2,"1":1,"2":1,"3":2},"f":{"0":2,"1":2},"b":{"0":[1,1]},"meta":{"lastBranch":1,"lastFunction":2,"lastStatement":4,"seen":{"f:1:16:1:31":0,"b:2:2:2:Infinity:undefined:undefined:undefined:undefined":0,"s:2:2:2:Infinity":0,"s:2:14:2:Infinity":1,"s:3:2:3:Infinity":2,"f:6:16:6:31":1,"s:7:2:7:Infinity":3}}}
}
